/home/shehbaaz/Documents/BondsTask/venv/lib/python3.11/site-packages/django/db/models/fields/__init__.py:1659: RuntimeWarning: DateTimeField EmailLogs.timestamp received a naive datetime (2024-03-14 16:56:02.033126) while time zone support is active.
  warnings.warn(
/home/shehbaaz/Documents/BondsTask/venv/lib/python3.11/site-packages/django/db/models/fields/__init__.py:1659: RuntimeWarning: DateTimeField EmailLogs.timestamp received a naive datetime (2024-03-14 17:56:02.033126) while time zone support is active.
  warnings.warn(
{'sender': 'alice@example.com', 'receiver': 'bob@example.com', 'count_mail': 1}
{'sender': 'bob@example.com', 'receiver': 'alice@example.com', 'count_mail': 1}
{'sender': 'bob@example.com', 'receiver': 'john@example.com', 'count_mail': 1}
{'sender': 'john@example.com', 'receiver': 'jane@example.com', 'count_mail': 1}
{'sender': 'qwe@gamil.com', 'receiver': 'rtyu@gamil.com', 'count_mail': 1}
{'sender': 'qwetyui@gamil.com', 'receiver': 'rtyuiop@gamil.com', 'count_mail': 1}
/home/shehbaaz/Documents/BondsTask/venv/lib/python3.11/site-packages/django/db/models/fields/__init__.py:1659: RuntimeWarning: DateTimeField EmailLogs.timestamp received a naive datetime (2024-03-14 16:57:02.370419) while time zone support is active.
  warnings.warn(
/home/shehbaaz/Documents/BondsTask/venv/lib/python3.11/site-packages/django/db/models/fields/__init__.py:1659: RuntimeWarning: DateTimeField EmailLogs.timestamp received a naive datetime (2024-03-14 17:57:02.370419) while time zone support is active.
  warnings.warn(
{'sender': 'alice@example.com', 'receiver': 'bob@example.com', 'count_mail': 1}
{'sender': 'bob@example.com', 'receiver': 'alice@example.com', 'count_mail': 1}
{'sender': 'bob@example.com', 'receiver': 'john@example.com', 'count_mail': 1}
{'sender': 'john@example.com', 'receiver': 'jane@example.com', 'count_mail': 1}
{'sender': 'qwe@gamil.com', 'receiver': 'rtyu@gamil.com', 'count_mail': 1}
{'sender': 'qwetyui@gamil.com', 'receiver': 'rtyuiop@gamil.com', 'count_mail': 1}
/home/shehbaaz/Documents/BondsTask/venv/lib/python3.11/site-packages/django/db/models/fields/__init__.py:1659: RuntimeWarning: DateTimeField EmailLogs.timestamp received a naive datetime (2024-03-14 16:58:03.019613) while time zone support is active.
  warnings.warn(
/home/shehbaaz/Documents/BondsTask/venv/lib/python3.11/site-packages/django/db/models/fields/__init__.py:1659: RuntimeWarning: DateTimeField EmailLogs.timestamp received a naive datetime (2024-03-14 17:58:03.019613) while time zone support is active.
  warnings.warn(
{'sender': 'alice@example.com', 'receiver': 'bob@example.com', 'count_mail': 1}
{'sender': 'bob@example.com', 'receiver': 'alice@example.com', 'count_mail': 1}
{'sender': 'bob@example.com', 'receiver': 'john@example.com', 'count_mail': 1}
{'sender': 'john@example.com', 'receiver': 'jane@example.com', 'count_mail': 1}
{'sender': 'qwe@gamil.com', 'receiver': 'rtyu@gamil.com', 'count_mail': 1}
{'sender': 'qwetyui@gamil.com', 'receiver': 'rtyuiop@gamil.com', 'count_mail': 1}
/home/shehbaaz/Documents/BondsTask/venv/lib/python3.11/site-packages/django/db/models/fields/__init__.py:1659: RuntimeWarning: DateTimeField EmailLogs.timestamp received a naive datetime (2024-03-14 16:59:02.668313) while time zone support is active.
  warnings.warn(
/home/shehbaaz/Documents/BondsTask/venv/lib/python3.11/site-packages/django/db/models/fields/__init__.py:1659: RuntimeWarning: DateTimeField EmailLogs.timestamp received a naive datetime (2024-03-14 17:59:02.668313) while time zone support is active.
  warnings.warn(
{'sender': 'alice@example.com', 'receiver': 'bob@example.com', 'count_mail': 1}
{'sender': 'bob@example.com', 'receiver': 'alice@example.com', 'count_mail': 1}
{'sender': 'bob@example.com', 'receiver': 'john@example.com', 'count_mail': 1}
{'sender': 'john@example.com', 'receiver': 'jane@example.com', 'count_mail': 1}
{'sender': 'qwe@gamil.com', 'receiver': 'rtyu@gamil.com', 'count_mail': 1}
{'sender': 'qwetyui@gamil.com', 'receiver': 'rtyuiop@gamil.com', 'count_mail': 1}
/home/shehbaaz/Documents/BondsTask/venv/lib/python3.11/site-packages/django/db/models/fields/__init__.py:1659: RuntimeWarning: DateTimeField EmailLogs.timestamp received a naive datetime (2024-03-14 17:00:02.974362) while time zone support is active.
  warnings.warn(
/home/shehbaaz/Documents/BondsTask/venv/lib/python3.11/site-packages/django/db/models/fields/__init__.py:1659: RuntimeWarning: DateTimeField EmailLogs.timestamp received a naive datetime (2024-03-14 18:00:02.974362) while time zone support is active.
  warnings.warn(
{'sender': 'alice@example.com', 'receiver': 'bob@example.com', 'count_mail': 1}
{'sender': 'bob@example.com', 'receiver': 'alice@example.com', 'count_mail': 1}
{'sender': 'bob@example.com', 'receiver': 'john@example.com', 'count_mail': 1}
{'sender': 'john@example.com', 'receiver': 'jane@example.com', 'count_mail': 1}
{'sender': 'qwe@gamil.com', 'receiver': 'rtyu@gamil.com', 'count_mail': 1}
{'sender': 'qwetyui@gamil.com', 'receiver': 'rtyuiop@gamil.com', 'count_mail': 1}
/home/shehbaaz/Documents/BondsTask/venv/lib/python3.11/site-packages/django/db/models/fields/__init__.py:1659: RuntimeWarning: DateTimeField EmailLogs.timestamp received a naive datetime (2024-03-14 17:01:02.308515) while time zone support is active.
  warnings.warn(
/home/shehbaaz/Documents/BondsTask/venv/lib/python3.11/site-packages/django/db/models/fields/__init__.py:1659: RuntimeWarning: DateTimeField EmailLogs.timestamp received a naive datetime (2024-03-14 18:01:02.308515) while time zone support is active.
  warnings.warn(
{'sender': 'alice@example.com', 'receiver': 'bob@example.com', 'count_mail': 1}
{'sender': 'bob@example.com', 'receiver': 'alice@example.com', 'count_mail': 1}
{'sender': 'bob@example.com', 'receiver': 'john@example.com', 'count_mail': 1}
{'sender': 'john@example.com', 'receiver': 'jane@example.com', 'count_mail': 1}
{'sender': 'qwe@gamil.com', 'receiver': 'rtyu@gamil.com', 'count_mail': 1}
{'sender': 'qwetyui@gamil.com', 'receiver': 'rtyuiop@gamil.com', 'count_mail': 1}
/home/shehbaaz/Documents/BondsTask/venv/lib/python3.11/site-packages/django/db/models/fields/__init__.py:1659: RuntimeWarning: DateTimeField EmailLogs.timestamp received a naive datetime (2024-03-14 17:02:02.686820) while time zone support is active.
  warnings.warn(
/home/shehbaaz/Documents/BondsTask/venv/lib/python3.11/site-packages/django/db/models/fields/__init__.py:1659: RuntimeWarning: DateTimeField EmailLogs.timestamp received a naive datetime (2024-03-14 18:02:02.686820) while time zone support is active.
  warnings.warn(
{'sender': 'alice@example.com', 'receiver': 'bob@example.com', 'count_mail': 1}
{'sender': 'bob@example.com', 'receiver': 'alice@example.com', 'count_mail': 1}
{'sender': 'bob@example.com', 'receiver': 'john@example.com', 'count_mail': 1}
{'sender': 'john@example.com', 'receiver': 'jane@example.com', 'count_mail': 1}
{'sender': 'qwe@gamil.com', 'receiver': 'rtyu@gamil.com', 'count_mail': 1}
{'sender': 'qwetyui@gamil.com', 'receiver': 'rtyuiop@gamil.com', 'count_mail': 1}
/home/shehbaaz/Documents/BondsTask/venv/lib/python3.11/site-packages/django/db/models/fields/__init__.py:1659: RuntimeWarning: DateTimeField EmailLogs.timestamp received a naive datetime (2024-03-14 17:03:02.903814) while time zone support is active.
  warnings.warn(
/home/shehbaaz/Documents/BondsTask/venv/lib/python3.11/site-packages/django/db/models/fields/__init__.py:1659: RuntimeWarning: DateTimeField EmailLogs.timestamp received a naive datetime (2024-03-14 18:03:02.903814) while time zone support is active.
  warnings.warn(
{'sender': 'alice@example.com', 'receiver': 'bob@example.com', 'count_mail': 1}
{'sender': 'bob@example.com', 'receiver': 'alice@example.com', 'count_mail': 1}
{'sender': 'bob@example.com', 'receiver': 'john@example.com', 'count_mail': 1}
{'sender': 'john@example.com', 'receiver': 'jane@example.com', 'count_mail': 1}
{'sender': 'qwe@gamil.com', 'receiver': 'rtyu@gamil.com', 'count_mail': 1}
{'sender': 'qwetyui@gamil.com', 'receiver': 'rtyuiop@gamil.com', 'count_mail': 1}
